100 99 0
9 26 0.046878
57 79 0.223212
21 81 0.767693
40 93 1.257214
56 87 1.460789
66 99 1.585080
15 98 2.113048
43 96 2.223585
37 56 2.815565
71 76 3.141469
11 77 3.231047
29 42 3.281973
36 72 3.463807
61 77 3.989308
49 54 3.995945
1 21 4.161609
62 86 4.201937
74 93 5.007335
3 47 5.709142
9 79 6.425603
8 10 6.954181
40 68 7.013685
4 60 9.073435
78 96 9.511674
11 36 11.745297
29 53 11.788117
66 81 12.059534
36 90 12.229351
57 77 12.359097
8 52 13.161464
22 62 13.340603
54 65 13.519112
95 96 13.831428
56 86 14.150982
30 50 14.377278
11 52 14.806895
46 58 16.277988
49 58 16.560692
13 46 17.519782
28 56 17.835488
53 80 18.366916
23 35 18.409107
26 55 18.774329
4 59 18.910755
13 95 18.932900
14 98 18.987888
26 97 19.217312
45 88 19.433696
46 62 20.381298
7 63 20.508352
10 64 20.863916
51 99 20.992876
27 92 22.916010
5 63 23.863199
50 77 24.066214
26 49 25.853058
41 73 26.102347
28 41 26.187214
24 51 26.784247
19 47 27.283765
30 83 27.832729
66 96 27.842960
15 55 28.500382
39 58 29.194661
66 68 29.277369
30 91 29.362764
32 38 29.716743
75 83 29.766996
31 72 29.793393
19 81 29.950150
21 38 30.963450
34 93 31.545985
24 67 31.649464
14 89 32.183922
17 45 32.735117
3 42 32.892650
10 12 34.306822
19 92 34.380313
20 77 34.487363
4 97 34.716355
6 11 38.264836
45 60 42.097284
48 77 42.938770
7 13 44.729470
16 87 44.795931
18 79 45.454077
67 70 47.733395
22 35 50.254393
2 82 51.508286
74 94 55.556816
72 85 57.054048
0 40 64.171321
44 48 68.029564
42 82 77.665132
33 96 81.167118
24 25 84.289367
25 69 87.564803
11 76 90.368133
84 88 120.481492
# MST weight = 2569.277545
