100 99 0
21 1 4.161609
82 2 51.508286
47 3 5.709142
97 4 34.716355
63 5 23.863199
11 6 38.264836
13 7 44.729470
52 8 13.161464
26 9 0.046878
8 10 6.954181
77 11 3.231047
10 12 34.306822
95 13 18.932900
98 14 18.987888
55 15 28.500382
87 16 44.795931
45 17 32.735117
79 18 45.454077
81 19 29.950150
77 20 34.487363
81 21 0.767693
62 22 13.340603
35 23 18.409107
51 24 26.784247
24 25 84.289367
49 26 25.853058
92 27 22.916010
56 28 17.835488
42 29 3.281973
50 30 14.377278
72 31 29.793393
38 32 29.716743
96 33 81.167118
93 34 31.545985
22 35 50.254393
11 36 11.745297
56 37 2.815565
21 38 30.963450
58 39 29.194661
0 40 64.171321
28 41 26.187214
3 42 32.892650
96 43 2.223585
48 44 68.029564
60 45 42.097284
13 46 17.519782
19 47 27.283765
77 48 42.938770
58 49 16.560692
77 50 24.066214
99 51 20.992876
11 52 14.806895
29 53 11.788117
49 54 3.995945
26 55 18.774329
86 56 14.150982
79 57 0.223212
46 58 16.277988
4 59 18.910755
4 60 9.073435
77 61 3.989308
46 62 20.381298
7 63 20.508352
10 64 20.863916
54 65 13.519112
68 66 29.277369
24 67 31.649464
40 68 7.013685
25 69 87.564803
67 70 47.733395
76 71 3.141469
36 72 3.463807
41 73 26.102347
93 74 5.007335
83 75 29.766996
11 76 90.368133
57 77 12.359097
96 78 9.511674
9 79 6.425603
53 80 18.366916
66 81 12.059534
42 82 77.665132
30 83 27.832729
88 84 120.481492
72 85 57.054048
62 86 4.201937
56 87 1.460789
45 88 19.433696
14 89 32.183922
36 90 12.229351
30 91 29.362764
19 92 34.380313
40 93 1.257214
74 94 55.556816
96 95 13.831428
66 96 27.842960
26 97 19.217312
15 98 2.113048
66 99 1.585080
# MST weight = 2569.277545
