46 scatole
scatola 8772: 99922.000000 94300.000000 99516.000000
scatola 7652: 92004.000000 91843.000000 97986.000000
scatola 9472: 91348.000000 87835.000000 91634.000000
scatola 5778: 89974.000000 87808.000000 87991.000000
scatola 5573: 88007.000000 87163.000000 85362.000000
scatola 791: 86895.000000 85234.000000 84344.000000
scatola 5816: 86174.000000 84121.000000 81351.000000
scatola 2177: 83003.000000 82533.000000 79974.000000
scatola 6500: 81545.000000 80872.000000 78540.000000
scatola 5231: 80309.000000 79292.000000 74786.000000
scatola 9434: 79629.000000 78775.000000 73040.000000
scatola 5086: 78481.000000 76078.000000 70220.000000
scatola 3665: 75497.000000 71267.000000 68252.000000
scatola 2989: 74224.000000 67804.000000 66062.000000
scatola 1555: 72429.000000 65884.000000 63829.000000
scatola 9335: 69958.000000 63690.000000 62816.000000
scatola 8357: 67234.000000 61951.000000 58386.000000
scatola 3052: 65941.000000 61130.000000 55235.000000
scatola 7216: 65199.000000 59596.000000 54952.000000
scatola 4399: 61640.000000 59159.000000 52556.000000
scatola 2018: 59079.000000 59051.000000 51753.000000
scatola 6429: 58547.000000 56007.000000 50134.000000
scatola 3264: 57146.000000 51594.000000 47748.000000
scatola 6731: 55937.000000 46469.000000 45835.000000
scatola 7455: 55542.000000 43691.000000 43210.000000
scatola 9557: 53364.000000 39891.000000 39283.000000
scatola 7337: 52537.000000 39689.000000 34718.000000
scatola 7720: 52315.000000 33713.000000 34555.000000
scatola 6630: 49868.000000 29906.000000 33992.000000
scatola 5707: 48198.000000 28586.000000 33910.000000
scatola 1644: 47211.000000 28083.000000 32722.000000
scatola 2270: 42619.000000 24418.000000 30748.000000
scatola 7945: 40884.000000 23837.000000 25681.000000
scatola 4976: 39793.000000 22662.000000 24033.000000
scatola 616: 39621.000000 21443.000000 20430.000000
scatola 2448: 36559.000000 17768.000000 19090.000000
scatola 8773: 35448.000000 14513.000000 17186.000000
scatola 7276: 32685.000000 13007.000000 16493.000000
scatola 2105: 32601.000000 10376.000000 12839.000000
scatola 9665: 27077.000000 9880.000000 9965.000000
scatola 7726: 24468.000000 7310.000000 9891.000000
scatola 8652: 24295.000000 6802.000000 3232.000000
scatola 1818: 18643.000000 6797.000000 2692.000000
scatola 7689: 16953.000000 5877.000000 2470.000000
scatola 8135: 10956.000000 5060.000000 238.000000
scatola 2593: 5406.000000 2767.000000 6.000000
