44 scatole
scatola 4019: 87677.000000 98899.000000 97467.000000
scatola 6995: 87396.000000 95495.000000 95819.000000
scatola 9956: 85178.000000 94778.000000 92374.000000
scatola 3154: 83650.000000 93916.000000 88927.000000
scatola 6105: 79472.000000 88442.000000 87487.000000
scatola 7974: 78881.000000 87819.000000 84868.000000
scatola 3233: 74239.000000 84271.000000 84405.000000
scatola 3348: 72235.000000 83005.000000 83927.000000
scatola 6225: 71189.000000 80215.000000 82080.000000
scatola 1116: 69460.000000 77312.000000 81755.000000
scatola 633: 69254.000000 76827.000000 80205.000000
scatola 2977: 64743.000000 74969.000000 76798.000000
scatola 8680: 62763.000000 74619.000000 76190.000000
scatola 5597: 61267.000000 72888.000000 74449.000000
scatola 7800: 60819.000000 68463.000000 72176.000000
scatola 682: 60132.000000 67227.000000 69721.000000
scatola 3769: 57175.000000 66289.000000 69633.000000
scatola 5698: 51975.000000 63836.000000 68998.000000
scatola 6246: 50132.000000 62328.000000 65317.000000
scatola 6260: 49498.000000 60906.000000 60499.000000
scatola 4889: 45544.000000 59593.000000 58319.000000
scatola 1444: 44145.000000 59489.000000 57700.000000
scatola 8580: 42191.000000 53254.000000 56264.000000
scatola 5954: 41332.000000 51014.000000 56092.000000
scatola 6348: 37423.000000 50758.000000 55600.000000
scatola 4166: 36587.000000 49141.000000 54955.000000
scatola 4921: 33263.000000 46849.000000 53536.000000
scatola 9926: 32389.000000 46361.000000 47465.000000
scatola 592: 28880.000000 45859.000000 44888.000000
scatola 6274: 24837.000000 42473.000000 43967.000000
scatola 8408: 20404.000000 39232.000000 43933.000000
scatola 9723: 18809.000000 39108.000000 37193.000000
scatola 4746: 17953.000000 37817.000000 30468.000000
scatola 5054: 17426.000000 37340.000000 29960.000000
scatola 5579: 17069.000000 34961.000000 25659.000000
scatola 9973: 16949.000000 29136.000000 23151.000000
scatola 7190: 16690.000000 28604.000000 19308.000000
scatola 6911: 15889.000000 28339.000000 17430.000000
scatola 8225: 9562.000000 27531.000000 15534.000000
scatola 7524: 9334.000000 22913.000000 12187.000000
scatola 427: 7364.000000 19886.000000 11222.000000
scatola 4958: 4438.000000 13070.000000 9545.000000
scatola 7360: 4049.000000 8282.000000 9104.000000
scatola 84: 2202.000000 4172.000000 8057.000000
