46 scatole
scatola 9886: 94260.000000 98264.000000 97659.000000
scatola 3652: 91355.000000 97060.000000 96951.000000
scatola 6478: 78266.000000 96449.000000 96694.000000
scatola 1121: 78013.000000 95909.000000 94015.000000
scatola 949: 77097.000000 91275.000000 93749.000000
scatola 3697: 75826.000000 91207.000000 91663.000000
scatola 9901: 72603.000000 89065.000000 90745.000000
scatola 414: 68988.000000 88323.000000 85649.000000
scatola 3074: 68000.000000 86270.000000 80686.000000
scatola 6610: 64840.000000 85742.000000 77883.000000
scatola 5623: 64471.000000 83545.000000 75855.000000
scatola 7884: 60378.000000 82224.000000 72849.000000
scatola 4921: 59895.000000 80046.000000 72268.000000
scatola 9695: 59746.000000 78972.000000 67779.000000
scatola 871: 51257.000000 78714.000000 61415.000000
scatola 6868: 49132.000000 76557.000000 61298.000000
scatola 4248: 48597.000000 74333.000000 60958.000000
scatola 9517: 45161.000000 72472.000000 59830.000000
scatola 616: 44522.000000 63374.000000 59568.000000
scatola 471: 42485.000000 61430.000000 59150.000000
scatola 6175: 39682.000000 59773.000000 59063.000000
scatola 2830: 37570.000000 58399.000000 58463.000000
scatola 5883: 36241.000000 57437.000000 55634.000000
scatola 5196: 35952.000000 52948.000000 54954.000000
scatola 2042: 32688.000000 52651.000000 54531.000000
scatola 8951: 31688.000000 51142.000000 51337.000000
scatola 5774: 30682.000000 50663.000000 49453.000000
scatola 9617: 28389.000000 49040.000000 48810.000000
scatola 4359: 26395.000000 46421.000000 48092.000000
scatola 7306: 25677.000000 45435.000000 40029.000000
scatola 7637: 25661.000000 41095.000000 39587.000000
scatola 2330: 24301.000000 38438.000000 37588.000000
scatola 527: 20686.000000 38337.000000 37157.000000
scatola 6257: 20529.000000 37874.000000 35848.000000
scatola 10: 20336.000000 36662.000000 35622.000000
scatola 4979: 16978.000000 32869.000000 35274.000000
scatola 9430: 11176.000000 31772.000000 33410.000000
scatola 9817: 10633.000000 30096.000000 29533.000000
scatola 9502: 10014.000000 27204.000000 27334.000000
scatola 7615: 8323.000000 22540.000000 24813.000000
scatola 3080: 5627.000000 22307.000000 22934.000000
scatola 8578: 5110.000000 20138.000000 20907.000000
scatola 53: 2677.000000 19758.000000 18651.000000
scatola 5716: 2005.000000 18938.000000 15435.000000
scatola 6196: 618.000000 16516.000000 14752.000000
scatola 2808: 387.000000 11161.000000 8409.000000
