44 scatole
scatola 8229: 98662.000000 86905.000000 99245.000000
scatola 6157: 96029.000000 84186.000000 98596.000000
scatola 1057: 91501.000000 83910.000000 94206.000000
scatola 4266: 90112.000000 83373.000000 92877.000000
scatola 8913: 87669.000000 78646.000000 92382.000000
scatola 9912: 86656.000000 75873.000000 87940.000000
scatola 8405: 86055.000000 73365.000000 86367.000000
scatola 7537: 85207.000000 71162.000000 83883.000000
scatola 1928: 83595.000000 70320.000000 83579.000000
scatola 9308: 81639.000000 68307.000000 80203.000000
scatola 6317: 75500.000000 67153.000000 78360.000000
scatola 1608: 71438.000000 64003.000000 77630.000000
scatola 7607: 70905.000000 62456.000000 72826.000000
scatola 4726: 69410.000000 62258.000000 71092.000000
scatola 5240: 68095.000000 61095.000000 66713.000000
scatola 4093: 67268.000000 59042.000000 66640.000000
scatola 1441: 66642.000000 56231.000000 63037.000000
scatola 439: 66186.000000 55087.000000 61343.000000
scatola 5971: 65255.000000 53569.000000 56811.000000
scatola 2226: 64917.000000 53317.000000 51970.000000
scatola 9714: 64647.000000 50293.000000 49933.000000
scatola 898: 56646.000000 48632.000000 48261.000000
scatola 9154: 54411.000000 46771.000000 48221.000000
scatola 9572: 51838.000000 37840.000000 47939.000000
scatola 1373: 51767.000000 36641.000000 44055.000000
scatola 6023: 50043.000000 32944.000000 43028.000000
scatola 939: 48402.000000 31845.000000 37970.000000
scatola 8526: 47471.000000 31454.000000 37734.000000
scatola 2155: 44460.000000 29092.000000 36851.000000
scatola 8211: 41158.000000 28851.000000 35212.000000
scatola 8026: 36851.000000 28687.000000 32824.000000
scatola 6924: 32862.000000 24692.000000 32384.000000
scatola 2126: 28059.000000 21951.000000 31666.000000
scatola 5044: 25262.000000 21831.000000 30838.000000
scatola 1962: 23772.000000 15170.000000 30153.000000
scatola 6409: 22186.000000 12604.000000 30071.000000
scatola 7376: 18331.000000 9994.000000 29327.000000
scatola 9545: 18212.000000 4806.000000 26678.000000
scatola 6144: 13256.000000 4714.000000 23440.000000
scatola 7711: 10810.000000 4292.000000 23118.000000
scatola 8171: 6487.000000 3852.000000 20724.000000
scatola 9700: 4361.000000 2290.000000 18701.000000
scatola 3394: 2505.000000 803.000000 14871.000000
scatola 112: 223.000000 101.000000 4210.000000
