49 scatole
scatola 7665: 99779.000000 90309.000000 96144.000000
scatola 7649: 99566.000000 87807.000000 95049.000000
scatola 7018: 99077.000000 86139.000000 80081.000000
scatola 4913: 98527.000000 82118.000000 80063.000000
scatola 8102: 98235.000000 80188.000000 78040.000000
scatola 9341: 96973.000000 77756.000000 75709.000000
scatola 3576: 96772.000000 71949.000000 73532.000000
scatola 6728: 94812.000000 71835.000000 72023.000000
scatola 6366: 94392.000000 69568.000000 70691.000000
scatola 8401: 92920.000000 64487.000000 68381.000000
scatola 1840: 92804.000000 61800.000000 68266.000000
scatola 2244: 88138.000000 60563.000000 67325.000000
scatola 712: 87857.000000 59972.000000 67319.000000
scatola 1613: 81119.000000 54223.000000 64708.000000
scatola 6283: 77307.000000 53708.000000 64467.000000
scatola 1278: 76102.000000 53373.000000 63544.000000
scatola 9731: 75487.000000 53110.000000 63035.000000
scatola 6620: 73965.000000 52818.000000 62794.000000
scatola 2373: 73695.000000 52382.000000 60111.000000
scatola 1771: 73614.000000 52308.000000 58018.000000
scatola 2882: 70083.000000 52035.000000 56641.000000
scatola 673: 67563.000000 51171.000000 55065.000000
scatola 7010: 64549.000000 50534.000000 52195.000000
scatola 1417: 62899.000000 45695.000000 51433.000000
scatola 9920: 60864.000000 42841.000000 51305.000000
scatola 5443: 60781.000000 36990.000000 51132.000000
scatola 865: 59198.000000 34327.000000 50241.000000
scatola 2829: 57238.000000 33790.000000 49722.000000
scatola 4684: 54761.000000 30756.000000 49381.000000
scatola 4817: 48945.000000 28116.000000 48154.000000
scatola 5326: 47187.000000 27818.000000 45313.000000
scatola 3073: 45396.000000 26486.000000 44789.000000
scatola 1178: 37972.000000 26201.000000 41592.000000
scatola 1916: 37274.000000 25405.000000 40728.000000
scatola 2308: 34393.000000 23076.000000 39855.000000
scatola 2284: 30002.000000 20195.000000 39788.000000
scatola 7288: 29219.000000 17685.000000 39495.000000
scatola 4153: 18865.000000 17395.000000 38354.000000
scatola 2976: 18314.000000 17314.000000 38159.000000
scatola 4355: 17448.000000 13065.000000 37365.000000
scatola 5878: 16512.000000 11777.000000 36069.000000
scatola 2134: 14324.000000 10039.000000 33681.000000
scatola 7300: 13025.000000 9897.000000 33068.000000
scatola 3145: 9956.000000 8245.000000 29352.000000
scatola 931: 8655.000000 6612.000000 21411.000000
scatola 8631: 8502.000000 6007.000000 20780.000000
scatola 9936: 7266.000000 5898.000000 9377.000000
scatola 9800: 5822.000000 4420.000000 2221.000000
scatola 1762: 1342.000000 3663.000000 79.000000
