100 scatole
scatola 24: 99.729260 99.154387 99.718281
scatola 15: 98.618453 98.106123 98.724218
scatola 2: 97.891389 97.792096 97.519213
scatola 37: 96.174697 96.118469 96.215763
scatola 29: 95.513450 95.321067 95.427630
scatola 28: 94.363051 94.573808 94.336641
scatola 75: 93.358899 93.279501 93.316102
scatola 73: 92.253221 92.850608 92.311330
scatola 33: 91.753781 91.867933 91.308591
scatola 88: 90.760985 90.540906 90.655759
scatola 59: 89.148264 89.894063 89.576893
scatola 23: 88.214027 88.305005 88.210807
scatola 63: 87.773627 87.403451 87.627064
scatola 71: 86.697402 86.688133 86.816692
scatola 14: 85.647259 85.190988 85.561247
scatola 95: 84.394307 84.120539 84.250399
scatola 26: 83.328893 83.104772 83.104152
scatola 82: 82.882675 82.102739 82.205677
scatola 57: 81.427027 81.552832 81.399441
scatola 51: 80.546844 80.178866 80.892796
scatola 3: 79.689057 79.466085 79.712721
scatola 1: 78.801554 78.483744 78.834236
scatola 44: 77.615318 77.710371 77.340400
scatola 53: 76.597145 76.355445 76.176225
scatola 68: 75.170449 75.410848 75.150143
scatola 4: 74.115767 74.246247 74.352952
scatola 50: 73.102033 73.798475 73.165414
scatola 5: 72.449907 72.706237 72.346217
scatola 58: 71.473966 71.406645 71.555649
scatola 21: 70.612781 70.280075 70.780183
scatola 61: 69.882341 69.778485 69.757786
scatola 25: 68.673373 68.593836 68.787503
scatola 96: 67.454926 67.264175 67.286236
scatola 52: 66.844597 66.126083 66.118173
scatola 54: 65.264601 65.697190 65.526696
scatola 84: 64.347772 64.287538 64.154682
scatola 47: 63.192238 63.719197 63.113734
scatola 86: 62.399592 62.690569 62.552127
scatola 20: 61.226570 61.675466 61.875941
scatola 60: 60.401590 60.122397 60.761185
scatola 93: 59.284649 59.870283 59.630440
scatola 46: 58.429661 58.601267 58.308969
scatola 91: 57.238092 57.268063 57.318447
scatola 64: 56.328892 56.491478 56.510329
scatola 49: 55.509653 55.472014 55.679997
scatola 38: 54.468340 54.140947 54.816828
scatola 65: 53.128628 53.461608 53.255534
scatola 17: 52.115103 52.576186 52.692646
scatola 36: 51.653069 51.214756 51.273022
scatola 79: 50.152113 50.230745 50.724980
scatola 97: 49.369017 49.421471 49.216941
scatola 34: 48.433204 48.890522 48.754988
scatola 6: 47.676585 47.708118 47.291569
scatola 83: 46.119464 46.730332 46.809200
scatola 85: 45.431066 45.763168 45.719240
scatola 11: 44.579340 44.661294 44.141312
scatola 89: 43.785422 43.462888 43.439712
scatola 74: 42.461430 42.519624 42.113526
scatola 87: 41.884010 41.448041 41.362034
scatola 98: 40.709274 40.608040 40.600956
scatola 81: 39.430949 39.361953 39.683097
scatola 19: 38.282404 38.563419 38.835813
scatola 8: 37.877786 37.382369 37.656618
scatola 7: 36.867163 36.189960 36.657122
scatola 41: 35.201875 35.677927 35.588397
scatola 42: 34.298405 34.601600 34.751727
scatola 45: 33.843264 33.426187 33.693918
scatola 16: 32.171583 32.651492 32.423991
scatola 10: 31.740002 31.661078 31.477420
scatola 55: 30.346087 30.817859 30.274736
scatola 77: 29.698533 29.747284 29.378325
scatola 27: 28.281051 28.279195 28.248545
scatola 66: 27.292408 27.899497 27.304618
scatola 22: 26.412033 26.168724 26.110623
scatola 43: 25.176327 25.736671 25.765289
scatola 76: 24.275414 24.157808 24.803469
scatola 0: 23.674695 23.369927 23.355141
scatola 99: 22.890413 22.846572 22.771681
scatola 40: 21.743220 21.302684 21.331581
scatola 18: 20.170575 20.796411 20.493915
scatola 48: 19.568089 19.229781 19.547554
scatola 72: 18.279698 18.843927 18.517483
scatola 94: 17.830772 17.293995 17.888642
scatola 90: 16.332053 16.245334 16.780375
scatola 32: 15.678862 15.861819 15.335706
scatola 31: 14.687882 14.548328 14.800913
scatola 92: 13.423355 13.483460 13.500719
scatola 35: 12.643888 12.540100 12.684282
scatola 69: 11.406273 11.737667 11.247194
scatola 30: 10.666630 10.846361 10.672645
scatola 80: 9.285854 9.130071 9.502485
scatola 12: 8.649932 8.528841 8.388391
scatola 62: 7.148660 7.208267 7.348926
scatola 13: 6.283515 6.544669 6.598719
scatola 70: 5.413492 5.434793 5.553191
scatola 67: 4.164868 4.400194 4.890981
scatola 39: 3.843360 3.716437 3.364526
scatola 78: 2.702434 2.537088 2.679468
scatola 9: 1.791306 1.474549 1.337615
scatola 56: 0.816290 0.270160 0.639643
